
=ERROR REPORT==== 12-Jul-2017::18:47:07 ===
** Generic server guild_train_op terminating 
** Last message in was {'EXIT',<0.92.0>,{exit_status,256}}
** When Server state == {state,e2_task,
                         {state,guild_op,
                          {state,guild_train_op,
                           {state,
                            {op,
                             {["model","model"],
                              [{"sources","pio_train.py"},
                               {"evaluate",[]},
                               {"train_requires","./data"},
                               {"prepare",[]},
                               {"train","pio_train"}]},
                             [{'$file',"./Guild"},
                              {'$dir',"."},
                              {["project"],
                               [{"description","TensorFlow Linear Example"},
                                {"name","tensorflow/linear"}]},
                              {["model","model"],
                               [{"sources","pio_train.py"},
                                {"evaluate",[]},
                                {"train_requires","./data"},
                                {"prepare",[]},
                                {"train","pio_train"}]},
                              {["flags"],
                               [{"learning_rate","0.025"},
                                {"num_samples","100000"},
                                {"rundir","$RUNDIR"},
                                {"datadir","./data"}]},
                              {["train-field","validation-accuracy"],
                               [{"label","Validation Accuracy"},
                                {"source","series/tf/validation/accuracy"}]},
                              {["train-field","train-accuracy"],
                               [{"color","teal-400"},
                                {"label","Training Accuracy"},
                                {"source","series/tf/train/accuracy"}]},
                              {["train-field","steps"],
                               [{"source","series/tf/train/loss"}]},
                              {["train-field","time"],
                               [{"template","time-field"},
                                {"source","series/tf/train/loss"}]},
                              {["series","loss"],
                               [{"source","series/tf/.+/loss"}]},
                              {["series","accuracy"],
                               [{"source","series/tf/.+/accuracy"}]},
                              {["compare-field","validation-accuracy"],
                               [{"label","Validation Accuracy"},
                                {"source","series/tf/validation/accuracy"}]},
                              {["compare-field","train-accuracy"],
                               [{"color","teal-400"},
                                {"label","Training Accuracy"},
                                {"source","series/tf/train/accuracy"}]},
                              {["compare-field","batch-size"],
                               [{"attribute","batch_size"},
                                {"source","flags"},
                                {"label","Batch Size"}]},
                              {["compare-field","learning-rate"],
                               [{"attribute","learning_rate"},
                                {"source","flags"},
                                {"label","Learning Rate"}]},
                              {["compare-field","num-samples"],
                               [{"attribute","num_samples"},
                                {"source","flags"},
                                {"label","Num Samples"}]},
                              {["compare-field","steps"],
                               [{"source","series/tf/train/loss"}]},
                              {["compare-field","time"],
                               [{"template","time-field"},
                                {"source","series/tf/train/loss"}]}],
                             [{"learning_rate","0.025"},
                              {"num_samples","100000"},
                              {"rundir","$RUNDIR"},
                              {"datadir","./data"}],
                             {["/Users/cfregly/miniconda3/bin/python","-u",
                               "pio_train.py","--learning_rate","0.025",
                               "--num_samples","100000","--rundir","$RUNDIR",
                               "--datadir","./data"],
                              [{"PKGHOME","/Users/cfregly/.guild/pkg"},
                               {"GPU_COUNT","0"}]}},
                            1499910427832,"./runs/20170713T014707Z-model"},
                           "./runs/20170713T014707Z-model",52599,<0.92.0>,
                           [#Fun<guild_op_support.8.9780363>,
                            #Fun<guild_op_support.7.9780363>],
                           {[],undefined},
                           {[],undefined}},
                          true,1499910427832,undefined},
                         undefined}
** Reason for termination == 
** {exit_status,256}
