rm -rf *.o rnnlm
x86_64-linux-g++-4.5 -lm -O2 -funroll-loops -fprefetch-loop-arrays   -c rnnlmlib.cpp
x86_64-linux-g++-4.5 -lm -O2 -funroll-loops -fprefetch-loop-arrays   rnnlm.cpp rnnlmlib.o -o rnnlm
debug mode: 1
train file: train
valid file: valid
class size: 100
Hidden layer size: 80
BPTT: 4
BPTT block: 10
Rand seed: 1
rnnlm file: model
Starting training using file train
Vocab size: 3720
Words in train file: 81350
Iter:   0	Alpha: 0.100000	   TRAIN entropy: 7.0212    VALID entropy: 6.8801
Iter:   1	Alpha: 0.100000	   TRAIN entropy: 6.5337    VALID entropy: 6.6452
Iter:   2	Alpha: 0.100000	   TRAIN entropy: 6.3336    VALID entropy: 6.5263
Iter:   3	Alpha: 0.100000	   TRAIN entropy: 6.1969    VALID entropy: 6.4542
Iter:   4	Alpha: 0.100000	   TRAIN entropy: 6.0913    VALID entropy: 6.4069
Iter:   5	Alpha: 0.100000	   TRAIN entropy: 6.0025    VALID entropy: 6.3779
Iter:   6	Alpha: 0.100000	   TRAIN entropy: 5.9240    VALID entropy: 6.3615
Iter:   7	Alpha: 0.050000	   TRAIN entropy: 5.8809    VALID entropy: 6.2736
Iter:   8	Alpha: 0.025000	   TRAIN entropy: 5.8069    VALID entropy: 6.2227
Iter:   9	Alpha: 0.012500	   TRAIN entropy: 5.7668    VALID entropy: 6.1985
Iter:  10	Alpha: 0.006250	   TRAIN entropy: 5.7466    VALID entropy: 6.1869

real	1m1.278s
user	0m58.405s
sys	0m0.080s
reading 3721 1-grams
reading 25378 2-grams
reading 47562 3-grams
reading 54448 4-grams
reading 1142 5-grams
test file: test
Lambda (interpolation coefficient between rnnlm and other lm): 0.500000
other lm probabilities specified in: srilm.txt
rnnlm file: model

test log probability: -15430.984063
test log probability given by other lm: -15498.251033
test log probability 0.500000*rnn + 0.500000*other_lm: -14993.866530

PPL net: 72.978574
PPL other: 74.356243
PPL combine: 64.627320

real	0m0.431s
user	0m0.418s
sys	0m0.011s
